[17:40:38] Pracownik P1 polozyl paczke A (0.4 kg). Waga tasmy: 0.4 kg
[17:40:38] Truck 829 zabral paczke A (0.4 kg). Stan ladunku: 0.4 kg
[17:40:38] Pracownik P2 polozyl paczke B (13.7 kg). Waga tasmy: 13.7 kg
[17:40:38] Pracownik P1 polozyl paczke A (1.3 kg). Waga tasmy: 15.0 kg
[17:40:38] Pracownik P3 polozyl paczke C (19.6 kg). Waga tasmy: 34.6 kg
[17:40:38] Truck 829 zabral paczke B (13.7 kg). Stan ladunku: 14.1 kg
[17:40:38] Pracownik P2 polozyl paczke B (5.2 kg). Waga tasmy: 26.1 kg
[17:40:38] Pracownik P1 polozyl paczke A (3.7 kg). Waga tasmy: 29.8 kg
[17:40:38] Pracownik P3 polozyl paczke C (18.7 kg). Waga tasmy: 48.5 kg
[17:40:38] Truck 829 zabral paczke A (1.3 kg). Stan ladunku: 15.4 kg
[17:40:38] Pracownik P2 polozyl paczke B (14.8 kg). Waga tasmy: 62.0 kg
[17:40:38] Pracownik P1 polozyl paczke A (0.1 kg). Waga tasmy: 62.1 kg
[17:40:38] Pracownik P3 polozyl paczke C (21.7 kg). Waga tasmy: 83.8 kg
[17:40:38] Truck 829 zabral paczke C (19.6 kg). Stan ladunku: 35.0 kg
[17:40:38] Pracownik P2 polozyl paczke B (9.1 kg). Waga tasmy: 73.3 kg
[17:40:38] Pracownik P1 polozyl paczke A (0.4 kg). Waga tasmy: 73.7 kg
[17:40:38] Pracownik P3 polozyl paczke C (15.4 kg). Waga tasmy: 89.1 kg
[17:40:38] Truck 829 zabral paczke B (5.2 kg). Stan ladunku: 40.2 kg
[17:40:38] Pracownik P2 polozyl paczke B (7.2 kg). Waga tasmy: 91.1 kg
[17:40:38] Pracownik P1 polozyl paczke A (3.7 kg). Waga tasmy: 94.8 kg
[17:40:38] Pracownik P3 polozyl paczke C (22.9 kg). Waga tasmy: 117.7 kg
[17:40:38] Truck 829 zabral paczke A (3.7 kg). Stan ladunku: 43.9 kg
[17:40:38] Pracownik P2 polozyl paczke B (7.6 kg). Waga tasmy: 121.6 kg
[17:40:38] Pracownik P1 polozyl paczke A (1.3 kg). Waga tasmy: 122.9 kg
[17:40:38] Pracownik P3 polozyl paczke C (20.5 kg). Waga tasmy: 143.4 kg
[17:40:38] Truck 829 zabral paczke C (18.7 kg). Stan ladunku: 62.6 kg
[17:40:38] Pracownik P2 polozyl paczke B (7.0 kg). Waga tasmy: 131.7 kg
[17:40:38] Pracownik P1 polozyl paczke A (1.9 kg). Waga tasmy: 133.6 kg
[17:40:38] Pracownik P3 polozyl paczke C (17.1 kg). Waga tasmy: 150.7 kg
[17:40:38] Truck 829 zabral paczke B (14.8 kg). Stan ladunku: 77.4 kg
[17:40:38] Pracownik P2 polozyl paczke B (8.3 kg). Waga tasmy: 144.2 kg
[17:40:38] Truck 829 zabral paczke A (0.1 kg). Stan ladunku: 77.5 kg
[17:40:38] Pracownik P1 polozyl paczke A (1.8 kg). Waga tasmy: 145.9 kg
[17:40:38] Truck 829 zabral paczke C (21.7 kg). Stan ladunku: 99.2 kg
[17:40:38] Pracownik P3 polozyl paczke C (21.2 kg). Waga tasmy: 145.4 kg
[17:40:38] Truck 830 zabral paczke B (9.1 kg). Stan ladunku: 9.1 kg
[17:40:38] Pracownik P2 polozyl paczke B (6.5 kg). Waga tasmy: 142.8 kg
[17:40:38] Truck 830 zabral paczke A (0.4 kg). Stan ladunku: 9.5 kg
[17:40:38] Pracownik P1 polozyl paczke A (4.5 kg). Waga tasmy: 146.9 kg
[17:40:38] Truck 830 zabral paczke C (15.4 kg). Stan ladunku: 24.9 kg
[17:40:38] Pracownik P3 polozyl paczke C (19.5 kg). Waga tasmy: 151.0 kg
[17:40:38] Truck 830 zabral paczke B (7.2 kg). Stan ladunku: 32.1 kg
[17:40:38] Pracownik P2 polozyl paczke B (13.2 kg). Waga tasmy: 157.0 kg
[17:40:38] Truck 830 zabral paczke A (3.7 kg). Stan ladunku: 35.8 kg
[17:40:38] Pracownik P1 polozyl paczke A (3.2 kg). Waga tasmy: 156.5 kg
[17:40:38] Truck 830 zabral paczke C (22.9 kg). Stan ladunku: 58.7 kg
[17:40:38] Pracownik P3 polozyl paczke C (17.8 kg). Waga tasmy: 151.4 kg
[17:40:38] Truck 830 zabral paczke B (7.6 kg). Stan ladunku: 66.3 kg
[17:40:38] Pracownik P2 polozyl paczke B (8.3 kg). Waga tasmy: 152.1 kg
[17:40:38] Truck 830 zabral paczke A (1.3 kg). Stan ladunku: 67.6 kg
[17:40:38] Pracownik P1 polozyl paczke A (1.3 kg). Waga tasmy: 152.1 kg
[17:40:38] Truck 830 zabral paczke C (20.5 kg). Stan ladunku: 88.1 kg
[17:40:38] Pracownik P3 polozyl paczke C (24.8 kg). Waga tasmy: 156.4 kg
[17:40:38] Truck 830 zabral paczke B (7.0 kg). Stan ladunku: 95.1 kg
[17:40:38] Pracownik P2 polozyl paczke B (11.7 kg). Waga tasmy: 161.1 kg
[17:40:38] Truck 830 zabral paczke A (1.9 kg). Stan ladunku: 97.0 kg
[17:40:38] Pracownik P1 polozyl paczke A (1.8 kg). Waga tasmy: 161.0 kg
[17:40:38] Truck 832 zabral paczke C (17.1 kg). Stan ladunku: 17.1 kg
[17:40:38] Pracownik P3 polozyl paczke C (20.4 kg). Waga tasmy: 164.3 kg
[17:40:38] Truck 832 zabral paczke B (8.3 kg). Stan ladunku: 25.4 kg
[17:40:38] Pracownik P2 polozyl paczke B (13.7 kg). Waga tasmy: 169.7 kg
[17:40:38] Truck 832 zabral paczke A (1.8 kg). Stan ladunku: 27.2 kg
[17:40:38] Pracownik P1 polozyl paczke A (2.8 kg). Waga tasmy: 170.7 kg
[17:40:38] Truck 832 zabral paczke C (21.2 kg). Stan ladunku: 48.4 kg
[17:40:38] Pracownik P3 polozyl paczke C (19.8 kg). Waga tasmy: 169.3 kg
[17:40:38] Truck 832 zabral paczke B (6.5 kg). Stan ladunku: 54.9 kg
[17:40:38] Pracownik P2 polozyl paczke B (6.9 kg). Waga tasmy: 169.7 kg
[17:40:38] Truck 832 zabral paczke A (4.5 kg). Stan ladunku: 59.4 kg
[17:40:38] Pracownik P1 polozyl paczke A (4.0 kg). Waga tasmy: 169.2 kg
[17:40:38] Truck 832 zabral paczke C (19.5 kg). Stan ladunku: 78.9 kg
[17:40:38] Pracownik P3 polozyl paczke C (21.9 kg). Waga tasmy: 171.6 kg
[17:40:38] Truck 832 zabral paczke B (13.2 kg). Stan ladunku: 92.1 kg
[17:40:38] Pracownik P2 polozyl paczke B (5.2 kg). Waga tasmy: 163.6 kg
[17:40:38] Truck 832 zabral paczke A (3.2 kg). Stan ladunku: 95.3 kg
[17:40:38] Pracownik P1 polozyl paczke A (1.4 kg). Waga tasmy: 161.8 kg
[17:40:38] Truck 831 zabral paczke C (17.8 kg). Stan ladunku: 17.8 kg
[17:40:38] Pracownik P3 polozyl paczke C (19.5 kg). Waga tasmy: 163.5 kg
[17:40:38] Truck 831 zabral paczke B (8.3 kg). Stan ladunku: 26.1 kg
[17:40:38] Pracownik P2 polozyl paczke B (14.4 kg). Waga tasmy: 169.6 kg
[17:40:38] Truck 831 zabral paczke A (1.3 kg). Stan ladunku: 27.4 kg
[17:40:38] Pracownik P1 polozyl paczke A (2.7 kg). Waga tasmy: 171.0 kg
[17:40:38] Truck 831 zabral paczke C (24.8 kg). Stan ladunku: 52.2 kg
[17:40:38] Pracownik P3 polozyl paczke C (23.2 kg). Waga tasmy: 169.4 kg
[17:40:38] Truck 831 zabral paczke B (11.7 kg). Stan ladunku: 63.9 kg
[17:40:38] Pracownik P2 polozyl paczke B (7.1 kg). Waga tasmy: 164.8 kg
[17:40:38] Truck 831 zabral paczke A (1.8 kg). Stan ladunku: 65.7 kg
[17:40:38] Pracownik P1 polozyl paczke A (1.7 kg). Waga tasmy: 164.7 kg
[17:40:38] Truck 831 zabral paczke C (20.4 kg). Stan ladunku: 86.1 kg
[17:40:38] Pracownik P3 polozyl paczke C (22.2 kg). Waga tasmy: 166.5 kg
[17:40:38] Truck 831 zabral paczke B (13.7 kg). Stan ladunku: 99.8 kg
[17:40:38] Pracownik P2 polozyl paczke B (14.6 kg). Waga tasmy: 167.4 kg
[17:40:38] Truck 833 zabral paczke A (2.8 kg). Stan ladunku: 2.8 kg
[17:40:38] Pracownik P1 polozyl paczke A (0.2 kg). Waga tasmy: 164.8 kg
[17:40:38] Truck 833 zabral paczke C (19.8 kg). Stan ladunku: 22.6 kg
[17:40:38] Pracownik P3 polozyl paczke C (20.3 kg). Waga tasmy: 165.3 kg
[17:40:38] Truck 833 zabral paczke B (6.9 kg). Stan ladunku: 29.5 kg
[17:40:38] Pracownik P2 polozyl paczke B (9.0 kg). Waga tasmy: 167.4 kg
[17:40:38] Truck 833 zabral paczke A (4.0 kg). Stan ladunku: 33.5 kg
[17:40:38] Pracownik P1 polozyl paczke A (5.0 kg). Waga tasmy: 168.4 kg
[17:40:38] Truck 833 zabral paczke C (21.9 kg). Stan ladunku: 55.4 kg
[17:40:38] Pracownik P3 polozyl paczke C (22.9 kg). Waga tasmy: 169.4 kg
[17:40:38] Truck 833 zabral paczke B (5.2 kg). Stan ladunku: 60.6 kg
[17:40:38] Pracownik P2 polozyl paczke B (11.9 kg). Waga tasmy: 176.1 kg
[17:40:38] Truck 833 zabral paczke A (1.4 kg). Stan ladunku: 62.0 kg
[17:40:38] Pracownik P1 polozyl paczke A (3.9 kg). Waga tasmy: 178.6 kg
[17:40:38] Truck 833 zabral paczke C (19.5 kg). Stan ladunku: 81.5 kg
[17:40:38] Pracownik P3 polozyl paczke C (15.4 kg). Waga tasmy: 174.5 kg
[17:40:38] Truck 833 zabral paczke B (14.4 kg). Stan ladunku: 95.9 kg
[17:40:38] Pracownik P2 polozyl paczke B (6.7 kg). Waga tasmy: 166.8 kg
[17:40:38] Truck 833 zabral paczke A (2.7 kg). Stan ladunku: 98.6 kg
[17:40:38] Pracownik P1 polozyl paczke A (2.7 kg). Waga tasmy: 166.8 kg
[17:40:38] Truck 835 zabral paczke C (23.2 kg). Stan ladunku: 23.2 kg
[17:40:38] Pracownik P3 polozyl paczke C (18.0 kg). Waga tasmy: 161.6 kg
[17:40:38] Truck 835 zabral paczke B (7.1 kg). Stan ladunku: 30.3 kg
[17:40:38] Pracownik P2 polozyl paczke B (11.6 kg). Waga tasmy: 166.1 kg
[17:40:38] Truck 835 zabral paczke A (1.7 kg). Stan ladunku: 32.0 kg
[17:40:38] Pracownik P1 polozyl paczke A (2.9 kg). Waga tasmy: 167.3 kg
[17:40:38] Truck 835 zabral paczke C (22.2 kg). Stan ladunku: 54.2 kg
[17:40:38] Pracownik P3 polozyl paczke C (18.4 kg). Waga tasmy: 163.5 kg
[17:40:38] Truck 835 zabral paczke B (14.6 kg). Stan ladunku: 68.8 kg
[17:40:38] Pracownik P2 polozyl paczke B (7.6 kg). Waga tasmy: 156.5 kg
[17:40:38] Truck 835 zabral paczke A (0.2 kg). Stan ladunku: 69.0 kg
[17:40:38] Pracownik P1 polozyl paczke A (1.5 kg). Waga tasmy: 157.8 kg
[17:40:38] Truck 835 zabral paczke C (20.3 kg). Stan ladunku: 89.3 kg
[17:40:38] Pracownik P3 polozyl paczke C (19.5 kg). Waga tasmy: 157.0 kg
[17:40:38] Truck 835 zabral paczke B (9.0 kg). Stan ladunku: 98.3 kg
[17:40:38] Pracownik P2 polozyl paczke B (10.2 kg). Waga tasmy: 158.2 kg
[17:40:38] Truck 834 zabral paczke A (5.0 kg). Stan ladunku: 5.0 kg
[17:40:38] Pracownik P1 polozyl paczke A (1.9 kg). Waga tasmy: 155.1 kg
[17:40:38] Truck 834 zabral paczke C (22.9 kg). Stan ladunku: 27.9 kg
[17:40:38] Pracownik P3 polozyl paczke C (21.9 kg). Waga tasmy: 154.1 kg
[17:40:38] Truck 834 zabral paczke B (11.9 kg). Stan ladunku: 39.8 kg
[17:40:38] Pracownik P2 polozyl paczke B (9.2 kg). Waga tasmy: 151.4 kg
[17:40:38] Truck 834 zabral paczke A (3.9 kg). Stan ladunku: 43.7 kg
[17:40:38] Pracownik P1 polozyl paczke A (1.2 kg). Waga tasmy: 148.7 kg
[17:40:38] Truck 834 zabral paczke C (15.4 kg). Stan ladunku: 59.1 kg
[17:40:38] Pracownik P3 polozyl paczke C (15.0 kg). Waga tasmy: 148.3 kg
[17:40:38] Truck 834 zabral paczke B (6.7 kg). Stan ladunku: 65.8 kg
[17:40:38] Pracownik P2 polozyl paczke B (5.1 kg). Waga tasmy: 146.7 kg
[17:40:38] Truck 834 zabral paczke A (2.7 kg). Stan ladunku: 68.5 kg
[17:40:38] Pracownik P1 polozyl paczke A (2.1 kg). Waga tasmy: 146.1 kg
[17:40:38] Truck 834 zabral paczke C (18.0 kg). Stan ladunku: 86.5 kg
[17:40:38] Pracownik P3 polozyl paczke C (24.9 kg). Waga tasmy: 153.0 kg
[17:40:38] Truck 834 zabral paczke B (11.6 kg). Stan ladunku: 98.1 kg
[17:40:38] Pracownik P2 polozyl paczke B (8.6 kg). Waga tasmy: 150.0 kg
[17:40:38] Truck 837 zabral paczke A (2.9 kg). Stan ladunku: 2.9 kg
[17:40:38] Pracownik P1 polozyl paczke A (4.2 kg). Waga tasmy: 151.3 kg
[17:40:38] Truck 837 zabral paczke C (18.4 kg). Stan ladunku: 21.3 kg
[17:40:38] Pracownik P3 polozyl paczke C (22.5 kg). Waga tasmy: 155.4 kg
[17:40:38] Truck 837 zabral paczke B (7.6 kg). Stan ladunku: 28.9 kg
[17:40:38] Pracownik P2 polozyl paczke B (8.5 kg). Waga tasmy: 156.3 kg
[17:40:38] Truck 837 zabral paczke A (1.5 kg). Stan ladunku: 30.4 kg
[17:40:38] Pracownik P1 polozyl paczke A (0.5 kg). Waga tasmy: 155.3 kg
[17:40:38] Truck 837 zabral paczke C (19.5 kg). Stan ladunku: 49.9 kg
[17:40:38] Pracownik P3 polozyl paczke C (24.0 kg). Waga tasmy: 159.8 kg
[17:40:38] Truck 837 zabral paczke B (10.2 kg). Stan ladunku: 60.1 kg
[17:40:38] Pracownik P2 polozyl paczke B (11.3 kg). Waga tasmy: 160.9 kg
[17:40:38] Truck 837 zabral paczke A (1.9 kg). Stan ladunku: 62.0 kg
[17:40:38] Pracownik P1 polozyl paczke A (0.8 kg). Waga tasmy: 159.8 kg
[17:40:38] Truck 837 zabral paczke C (21.9 kg). Stan ladunku: 83.9 kg
[17:40:38] Pracownik P3 polozyl paczke C (20.4 kg). Waga tasmy: 158.3 kg
[17:40:38] Truck 837 zabral paczke B (9.2 kg). Stan ladunku: 93.1 kg
[17:40:38] Pracownik P2 polozyl paczke B (14.6 kg). Waga tasmy: 163.7 kg
[17:40:38] Truck 837 zabral paczke A (1.2 kg). Stan ladunku: 94.3 kg
[17:40:38] Pracownik P1 polozyl paczke A (0.6 kg). Waga tasmy: 163.1 kg
[17:40:38] Truck 836 zabral paczke C (15.0 kg). Stan ladunku: 15.0 kg
[17:40:38] Pracownik P3 polozyl paczke C (21.7 kg). Waga tasmy: 169.8 kg
[17:40:38] Truck 836 zabral paczke B (5.1 kg). Stan ladunku: 20.1 kg
[17:40:38] Pracownik P2 polozyl paczke B (12.6 kg). Waga tasmy: 177.3 kg
[17:40:38] Truck 836 zabral paczke A (2.1 kg). Stan ladunku: 22.2 kg
[17:40:38] Pracownik P1 polozyl paczke A (1.0 kg). Waga tasmy: 176.2 kg
[17:40:38] Truck 836 zabral paczke C (24.9 kg). Stan ladunku: 47.1 kg
[17:40:38] Pracownik P3 polozyl paczke C (22.2 kg). Waga tasmy: 173.5 kg
[17:40:38] Truck 836 zabral paczke B (8.6 kg). Stan ladunku: 55.7 kg
[17:40:38] Pracownik P2 polozyl paczke B (5.3 kg). Waga tasmy: 170.2 kg
[17:40:38] Truck 836 zabral paczke A (4.2 kg). Stan ladunku: 59.9 kg
[17:40:38] Pracownik P1 polozyl paczke A (2.2 kg). Waga tasmy: 168.2 kg
[17:40:38] Truck 836 zabral paczke C (22.5 kg). Stan ladunku: 82.4 kg
[17:40:38] Pracownik P3 polozyl paczke C (20.2 kg). Waga tasmy: 165.9 kg
[17:40:38] Truck 836 zabral paczke B (8.5 kg). Stan ladunku: 90.9 kg
[17:40:38] Pracownik P2 polozyl paczke B (14.8 kg). Waga tasmy: 172.2 kg
[17:40:38] Truck 836 zabral paczke A (0.5 kg). Stan ladunku: 91.4 kg
[17:40:38] Pracownik P1 polozyl paczke A (4.4 kg). Waga tasmy: 176.1 kg
[17:40:38] Truck 838 zabral paczke C (24.0 kg). Stan ladunku: 24.0 kg
[17:40:38] Pracownik P3 polozyl paczke C (20.7 kg). Waga tasmy: 172.8 kg
[17:40:38] Truck 838 zabral paczke B (11.3 kg). Stan ladunku: 35.3 kg
[17:40:38] Pracownik P2 polozyl paczke B (12.4 kg). Waga tasmy: 173.9 kg
[17:40:38] Truck 838 zabral paczke A (0.8 kg). Stan ladunku: 36.1 kg
[17:40:38] Pracownik P1 polozyl paczke A (1.0 kg). Waga tasmy: 174.1 kg
[17:40:38] Truck 838 zabral paczke C (20.4 kg). Stan ladunku: 56.5 kg
[17:40:38] Pracownik P3 polozyl paczke C (19.0 kg). Waga tasmy: 172.7 kg
[17:40:38] Truck 838 zabral paczke B (14.6 kg). Stan ladunku: 71.1 kg
[17:40:38] Pracownik P2 polozyl paczke B (9.4 kg). Waga tasmy: 167.5 kg
[17:40:38] Truck 838 zabral paczke A (0.6 kg). Stan ladunku: 71.7 kg
[17:40:38] Pracownik P1 polozyl paczke A (2.5 kg). Waga tasmy: 169.4 kg
[17:40:38] Truck 838 zabral paczke C (21.7 kg). Stan ladunku: 93.4 kg
[17:40:38] Pracownik P3 polozyl paczke C (15.8 kg). Waga tasmy: 163.5 kg
[17:40:38] Truck 839 zabral paczke B (12.6 kg). Stan ladunku: 12.6 kg
[17:40:38] Pracownik P2 polozyl paczke B (7.0 kg). Waga tasmy: 157.9 kg
[17:40:38] Truck 839 zabral paczke A (1.0 kg). Stan ladunku: 13.6 kg
[17:40:38] Pracownik P1 polozyl paczke A (3.0 kg). Waga tasmy: 159.9 kg
[17:40:38] Truck 839 zabral paczke C (22.2 kg). Stan ladunku: 35.8 kg
[17:40:38] Pracownik P3 polozyl paczke C (18.6 kg). Waga tasmy: 156.3 kg
[17:40:38] Truck 839 zabral paczke B (5.3 kg). Stan ladunku: 41.1 kg
[17:40:38] Pracownik P2 polozyl paczke B (10.2 kg). Waga tasmy: 161.2 kg
[17:40:38] Truck 839 zabral paczke A (2.2 kg). Stan ladunku: 43.3 kg
[17:40:38] Pracownik P1 polozyl paczke A (2.3 kg). Waga tasmy: 161.3 kg
[17:40:38] Truck 839 zabral paczke C (20.2 kg). Stan ladunku: 63.5 kg
[17:40:38] Pracownik P3 polozyl paczke C (24.5 kg). Waga tasmy: 165.6 kg
[17:40:38] Truck 839 zabral paczke B (14.8 kg). Stan ladunku: 78.3 kg
[17:40:38] Pracownik P2 polozyl paczke B (11.4 kg). Waga tasmy: 162.2 kg
[17:40:38] Truck 839 zabral paczke A (4.4 kg). Stan ladunku: 82.7 kg
[17:40:38] Pracownik P1 polozyl paczke A (4.4 kg). Waga tasmy: 162.2 kg
[17:40:38] Truck 840 zabral paczke C (20.7 kg). Stan ladunku: 20.7 kg
[17:40:38] Pracownik P3 polozyl paczke C (23.1 kg). Waga tasmy: 164.6 kg
[17:40:38] Truck 840 zabral paczke B (12.4 kg). Stan ladunku: 33.1 kg
[17:40:38] Pracownik P2 polozyl paczke B (5.6 kg). Waga tasmy: 157.8 kg
[17:40:38] Truck 840 zabral paczke A (1.0 kg). Stan ladunku: 34.1 kg
[17:40:38] Pracownik P1 polozyl paczke A (4.9 kg). Waga tasmy: 161.7 kg
[17:40:38] Truck 840 zabral paczke C (19.0 kg). Stan ladunku: 53.1 kg
[17:40:38] Pracownik P3 polozyl paczke C (20.0 kg). Waga tasmy: 162.7 kg
[17:40:38] Truck 840 zabral paczke B (9.4 kg). Stan ladunku: 62.5 kg
[17:40:38] Pracownik P2 polozyl paczke B (11.8 kg). Waga tasmy: 165.1 kg
[17:40:38] Truck 840 zabral paczke A (2.5 kg). Stan ladunku: 65.0 kg
[17:40:38] Pracownik P1 polozyl paczke A (1.9 kg). Waga tasmy: 164.5 kg
[17:40:38] Truck 840 zabral paczke C (15.8 kg). Stan ladunku: 80.8 kg
[17:40:38] Pracownik P3 polozyl paczke C (24.3 kg). Waga tasmy: 173.0 kg
[17:40:38] Truck 840 zabral paczke B (7.0 kg). Stan ladunku: 87.8 kg
[17:40:38] Pracownik P2 polozyl paczke B (14.8 kg). Waga tasmy: 180.8 kg
[17:40:38] Truck 840 zabral paczke A (3.0 kg). Stan ladunku: 90.8 kg
[17:40:38] Pracownik P1 polozyl paczke A (2.7 kg). Waga tasmy: 180.5 kg
[17:40:38] Truck 841 zabral paczke C (18.6 kg). Stan ladunku: 18.6 kg
[17:40:38] Pracownik P3 polozyl paczke C (15.9 kg). Waga tasmy: 177.8 kg
[17:40:38] Truck 841 zabral paczke B (10.2 kg). Stan ladunku: 28.8 kg
[17:40:38] Pracownik P2 polozyl paczke B (14.1 kg). Waga tasmy: 181.7 kg
[17:40:38] Truck 841 zabral paczke A (2.3 kg). Stan ladunku: 31.1 kg
[17:40:38] Pracownik P1 polozyl paczke A (1.1 kg). Waga tasmy: 180.5 kg
[17:40:38] Truck 841 zabral paczke C (24.5 kg). Stan ladunku: 55.6 kg
[17:40:38] Pracownik P3 polozyl paczke C (19.8 kg). Waga tasmy: 175.8 kg
[17:40:38] Truck 841 zabral paczke B (11.4 kg). Stan ladunku: 67.0 kg
[17:40:38] Pracownik P2 polozyl paczke B (8.5 kg). Waga tasmy: 172.9 kg
[17:40:38] Truck 841 zabral paczke A (4.4 kg). Stan ladunku: 71.4 kg
[17:40:38] Pracownik P1 polozyl paczke A (3.8 kg). Waga tasmy: 172.3 kg
[17:40:38] Truck 841 zabral paczke C (23.1 kg). Stan ladunku: 94.5 kg
[17:40:38] Pracownik P3 polozyl paczke C (19.7 kg). Waga tasmy: 168.9 kg
[17:40:38] Truck 842 zabral paczke B (5.6 kg). Stan ladunku: 5.6 kg
[17:40:38] Pracownik P2 polozyl paczke B (8.8 kg). Waga tasmy: 172.1 kg
[17:40:38] Truck 842 zabral paczke A (4.9 kg). Stan ladunku: 10.5 kg
[17:40:38] Pracownik P1 polozyl paczke A (0.4 kg). Waga tasmy: 167.6 kg
[17:40:38] Truck 842 zabral paczke C (20.0 kg). Stan ladunku: 30.5 kg
[17:40:38] Pracownik P3 polozyl paczke C (16.0 kg). Waga tasmy: 163.6 kg
[17:40:38] Truck 842 zabral paczke B (11.8 kg). Stan ladunku: 42.3 kg
[17:40:38] Pracownik P2 polozyl paczke B (6.0 kg). Waga tasmy: 157.8 kg
[17:40:38] Truck 842 zabral paczke A (1.9 kg). Stan ladunku: 44.2 kg
[17:40:38] Pracownik P1 polozyl paczke A (0.2 kg). Waga tasmy: 156.1 kg
[17:40:38] Truck 842 zabral paczke C (24.3 kg). Stan ladunku: 68.5 kg
[17:40:38] Pracownik P3 polozyl paczke C (16.7 kg). Waga tasmy: 148.5 kg
[17:40:38] Truck 842 zabral paczke B (14.8 kg). Stan ladunku: 83.3 kg
[17:40:38] Pracownik P2 polozyl paczke B (14.0 kg). Waga tasmy: 147.7 kg
[17:40:38] Truck 842 zabral paczke A (2.7 kg). Stan ladunku: 86.0 kg
[17:40:38] Pracownik P1 polozyl paczke A (0.1 kg). Waga tasmy: 145.1 kg
[17:40:38] Truck 843 zabral paczke C (15.9 kg). Stan ladunku: 15.9 kg
[17:40:38] Pracownik P3 polozyl paczke C (19.4 kg). Waga tasmy: 148.6 kg
[17:40:38] Truck 843 zabral paczke B (14.1 kg). Stan ladunku: 30.0 kg
[17:40:38] Pracownik P2 polozyl paczke B (8.2 kg). Waga tasmy: 142.7 kg
[17:40:38] Truck 843 zabral paczke A (1.1 kg). Stan ladunku: 31.1 kg
[17:40:38] Pracownik P1 polozyl paczke A (3.0 kg). Waga tasmy: 144.6 kg
[17:40:38] Truck 843 zabral paczke C (19.8 kg). Stan ladunku: 50.9 kg
[17:40:38] Pracownik P3 polozyl paczke C (24.2 kg). Waga tasmy: 149.0 kg
[17:40:38] Truck 843 zabral paczke B (8.5 kg). Stan ladunku: 59.4 kg
[17:40:38] Pracownik P2 polozyl paczke B (13.3 kg). Waga tasmy: 153.8 kg
[17:40:38] Truck 843 zabral paczke A (3.8 kg). Stan ladunku: 63.2 kg
[17:40:38] Pracownik P1 polozyl paczke A (1.9 kg). Waga tasmy: 151.9 kg
[17:40:38] Truck 843 zabral paczke C (19.7 kg). Stan ladunku: 82.9 kg
[17:40:38] Pracownik P3 polozyl paczke C (19.1 kg). Waga tasmy: 151.3 kg
[17:40:38] Truck 843 zabral paczke B (8.8 kg). Stan ladunku: 91.7 kg
[17:40:38] Pracownik P2 polozyl paczke B (8.8 kg). Waga tasmy: 151.3 kg
[17:40:38] Truck 843 zabral paczke A (0.4 kg). Stan ladunku: 92.1 kg
[17:40:38] Pracownik P1 polozyl paczke A (0.3 kg). Waga tasmy: 151.2 kg
[17:40:43] Truck 829 zabral paczke C (16.0 kg). Stan ladunku: 16.0 kg
[17:40:43] Pracownik P3 polozyl paczke C (24.7 kg). Waga tasmy: 159.9 kg
[17:40:43] Truck 829 zabral paczke B (6.0 kg). Stan ladunku: 22.0 kg
[17:40:43] Pracownik P2 polozyl paczke B (12.2 kg). Waga tasmy: 166.1 kg
[17:40:43] Truck 829 zabral paczke A (0.2 kg). Stan ladunku: 22.2 kg
[17:40:43] Pracownik P1 polozyl paczke A (3.2 kg). Waga tasmy: 169.1 kg
[17:40:43] Truck 829 zabral paczke C (16.7 kg). Stan ladunku: 38.9 kg
[17:40:43] Pracownik P3 polozyl paczke C (22.1 kg). Waga tasmy: 174.5 kg
[17:40:43] Truck 829 zabral paczke B (14.0 kg). Stan ladunku: 52.9 kg
[17:40:43] Pracownik P2 polozyl paczke B (5.4 kg). Waga tasmy: 165.9 kg
[17:40:43] Truck 829 zabral paczke A (0.1 kg). Stan ladunku: 53.0 kg
[17:40:43] Pracownik P1 polozyl paczke A (0.7 kg). Waga tasmy: 166.5 kg
[17:40:43] Truck 829 zabral paczke C (19.4 kg). Stan ladunku: 72.4 kg
[17:40:43] Pracownik P3 polozyl paczke C (19.6 kg). Waga tasmy: 166.7 kg
[17:40:43] Truck 829 zabral paczke B (8.2 kg). Stan ladunku: 80.6 kg
[17:40:43] Pracownik P2 polozyl paczke B (10.6 kg). Waga tasmy: 169.1 kg
[17:40:43] Truck 829 zabral paczke A (3.0 kg). Stan ladunku: 83.6 kg
[17:40:43] Pracownik P1 polozyl paczke A (2.9 kg). Waga tasmy: 169.0 kg
[17:40:43] Truck 830 zabral paczke C (24.2 kg). Stan ladunku: 24.2 kg
[17:40:43] Pracownik P3 polozyl paczke C (22.9 kg). Waga tasmy: 167.7 kg
[17:40:43] Truck 830 zabral paczke B (13.3 kg). Stan ladunku: 37.5 kg
[17:40:43] Pracownik P2 polozyl paczke B (8.8 kg). Waga tasmy: 163.2 kg
[17:40:43] Truck 830 zabral paczke A (1.9 kg). Stan ladunku: 39.4 kg
[17:40:43] Pracownik P1 polozyl paczke A (1.2 kg). Waga tasmy: 162.5 kg
[17:40:43] Truck 830 zabral paczke C (19.1 kg). Stan ladunku: 58.5 kg
[17:40:43] Pracownik P3 polozyl paczke C (20.7 kg). Waga tasmy: 164.1 kg
[17:40:43] Truck 830 zabral paczke B (8.8 kg). Stan ladunku: 67.3 kg
[17:40:43] Pracownik P2 polozyl paczke B (8.0 kg). Waga tasmy: 163.3 kg
[17:40:43] Truck 830 zabral paczke A (0.3 kg). Stan ladunku: 67.6 kg
[17:40:43] Pracownik P1 polozyl paczke A (2.3 kg). Waga tasmy: 165.3 kg
[17:40:43] Truck 830 zabral paczke C (24.7 kg). Stan ladunku: 92.3 kg
[17:40:43] Pracownik P3 polozyl paczke C (19.3 kg). Waga tasmy: 159.9 kg
[17:40:43] Truck 832 zabral paczke B (12.2 kg). Stan ladunku: 12.2 kg
[17:40:43] Pracownik P2 polozyl paczke B (11.0 kg). Waga tasmy: 158.7 kg
[17:40:43] Truck 832 zabral paczke A (3.2 kg). Stan ladunku: 15.4 kg
[17:40:43] Pracownik P1 polozyl paczke A (4.9 kg). Waga tasmy: 160.4 kg
[17:40:43] Truck 832 zabral paczke C (22.1 kg). Stan ladunku: 37.5 kg
[17:40:43] Pracownik P3 polozyl paczke C (19.9 kg). Waga tasmy: 158.2 kg
[17:40:43] Truck 832 zabral paczke B (5.4 kg). Stan ladunku: 42.9 kg
[17:40:43] Pracownik P2 polozyl paczke B (8.3 kg). Waga tasmy: 161.1 kg
[17:40:43] Truck 832 zabral paczke A (0.7 kg). Stan ladunku: 43.6 kg
[17:40:43] Pracownik P1 polozyl paczke A (2.4 kg). Waga tasmy: 162.8 kg
[17:40:43] Truck 832 zabral paczke C (19.6 kg). Stan ladunku: 63.2 kg
[17:40:43] Pracownik P3 polozyl paczke C (20.7 kg). Waga tasmy: 163.9 kg
[17:40:43] Truck 832 zabral paczke B (10.6 kg). Stan ladunku: 73.8 kg
[17:40:43] Pracownik P2 polozyl paczke B (8.2 kg). Waga tasmy: 161.5 kg
[17:40:43] Truck 832 zabral paczke A (2.9 kg). Stan ladunku: 76.7 kg
[17:40:43] Pracownik P1 polozyl paczke A (4.3 kg). Waga tasmy: 162.9 kg
[17:40:43] Truck 832 zabral paczke C (22.9 kg). Stan ladunku: 99.6 kg
[17:40:43] Pracownik P3 polozyl paczke C (24.4 kg). Waga tasmy: 164.4 kg
[17:40:43] Truck 831 zabral paczke B (8.8 kg). Stan ladunku: 8.8 kg
[17:40:43] Pracownik P2 polozyl paczke B (9.8 kg). Waga tasmy: 165.4 kg
[17:40:43] Truck 831 zabral paczke A (1.2 kg). Stan ladunku: 10.0 kg
[17:40:43] Pracownik P1 polozyl paczke A (4.2 kg). Waga tasmy: 168.4 kg
[17:40:43] Truck 831 zabral paczke C (20.7 kg). Stan ladunku: 30.7 kg
[17:40:43] Pracownik P3 polozyl paczke C (22.6 kg). Waga tasmy: 170.3 kg
[17:40:43] Truck 831 zabral paczke B (8.0 kg). Stan ladunku: 38.7 kg
[17:40:43] Pracownik P2 polozyl paczke B (7.0 kg). Waga tasmy: 169.3 kg
[17:40:43] Truck 831 zabral paczke A (2.3 kg). Stan ladunku: 41.0 kg
[17:40:43] Pracownik P1 polozyl paczke A (2.8 kg). Waga tasmy: 169.8 kg
[17:40:43] Truck 831 zabral paczke C (19.3 kg). Stan ladunku: 60.3 kg
[17:40:43] Pracownik P3 polozyl paczke C (19.7 kg). Waga tasmy: 170.2 kg
[17:40:43] Truck 831 zabral paczke B (11.0 kg). Stan ladunku: 71.3 kg
[17:40:43] Pracownik P2 polozyl paczke B (9.7 kg). Waga tasmy: 168.9 kg
[17:40:43] Truck 831 zabral paczke A (4.9 kg). Stan ladunku: 76.2 kg
[17:40:43] Pracownik P1 polozyl paczke A (0.1 kg). Waga tasmy: 164.1 kg
[17:40:43] Truck 831 zabral paczke C (19.9 kg). Stan ladunku: 96.1 kg
[17:40:43] Pracownik P3 polozyl paczke C (19.9 kg). Waga tasmy: 164.1 kg
[17:40:43] Truck 833 zabral paczke B (8.3 kg). Stan ladunku: 8.3 kg
[17:40:43] Pracownik P2 polozyl paczke B (9.5 kg). Waga tasmy: 165.3 kg
[17:40:43] Truck 833 zabral paczke A (2.4 kg). Stan ladunku: 10.7 kg
[17:40:43] Pracownik P1 polozyl paczke A (4.9 kg). Waga tasmy: 167.8 kg
[17:40:43] Truck 833 zabral paczke C (20.7 kg). Stan ladunku: 31.4 kg
[17:40:43] Pracownik P3 polozyl paczke C (19.3 kg). Waga tasmy: 166.4 kg
[17:40:43] Truck 833 zabral paczke B (8.2 kg). Stan ladunku: 39.6 kg
[17:40:43] Pracownik P2 polozyl paczke B (14.6 kg). Waga tasmy: 172.8 kg
[17:40:43] Truck 833 zabral paczke A (4.3 kg). Stan ladunku: 43.9 kg
[17:40:43] Pracownik P1 polozyl paczke A (3.9 kg). Waga tasmy: 172.4 kg
[17:40:43] Truck 833 zabral paczke C (24.4 kg). Stan ladunku: 68.3 kg
[17:40:43] Pracownik P3 polozyl paczke C (17.0 kg). Waga tasmy: 165.0 kg
[17:40:43] Truck 833 zabral paczke B (9.8 kg). Stan ladunku: 78.1 kg
[17:40:43] Pracownik P2 polozyl paczke B (10.0 kg). Waga tasmy: 165.2 kg
[17:40:43] Truck 833 zabral paczke A (4.2 kg). Stan ladunku: 82.3 kg
[17:40:43] Pracownik P1 polozyl paczke A (2.2 kg). Waga tasmy: 163.2 kg
[17:40:43] Truck 835 zabral paczke C (22.6 kg). Stan ladunku: 22.6 kg
[17:40:43] Pracownik P3 polozyl paczke C (15.1 kg). Waga tasmy: 155.7 kg
[17:40:43] Truck 835 zabral paczke B (7.0 kg). Stan ladunku: 29.6 kg
[17:40:43] Pracownik P2 polozyl paczke B (9.3 kg). Waga tasmy: 158.0 kg
[17:40:43] Truck 835 zabral paczke A (2.8 kg). Stan ladunku: 32.4 kg
[17:40:43] Pracownik P1 polozyl paczke A (4.2 kg). Waga tasmy: 159.4 kg
[17:40:43] Truck 835 zabral paczke C (19.7 kg). Stan ladunku: 52.1 kg
[17:40:43] Pracownik P3 polozyl paczke C (15.0 kg). Waga tasmy: 154.7 kg
[17:40:43] Truck 835 zabral paczke B (9.7 kg). Stan ladunku: 61.8 kg
[17:40:43] Pracownik P2 polozyl paczke B (12.0 kg). Waga tasmy: 157.0 kg
[17:40:43] Truck 835 zabral paczke A (0.1 kg). Stan ladunku: 61.9 kg
[17:40:43] Pracownik P1 polozyl paczke A (4.9 kg). Waga tasmy: 161.8 kg
[17:40:43] Truck 835 zabral paczke C (19.9 kg). Stan ladunku: 81.8 kg
[17:40:43] Pracownik P3 polozyl paczke C (16.2 kg). Waga tasmy: 158.1 kg
[17:40:43] Truck 835 zabral paczke B (9.5 kg). Stan ladunku: 91.3 kg
[17:40:43] Pracownik P2 polozyl paczke B (9.6 kg). Waga tasmy: 158.2 kg
[17:40:43] Truck 835 zabral paczke A (4.9 kg). Stan ladunku: 96.2 kg
[17:40:43] Pracownik P1 polozyl paczke A (4.9 kg). Waga tasmy: 158.2 kg
[17:40:43] Truck 834 zabral paczke C (19.3 kg). Stan ladunku: 19.3 kg
[17:40:43] Pracownik P3 polozyl paczke C (16.0 kg). Waga tasmy: 154.9 kg
[17:40:43] Truck 834 zabral paczke B (14.6 kg). Stan ladunku: 33.9 kg
[17:40:43] Pracownik P2 polozyl paczke B (6.6 kg). Waga tasmy: 146.9 kg
[17:40:43] Truck 834 zabral paczke A (3.9 kg). Stan ladunku: 37.8 kg
[17:40:43] Pracownik P1 polozyl paczke A (2.1 kg). Waga tasmy: 145.1 kg
[17:40:43] Truck 834 zabral paczke C (17.0 kg). Stan ladunku: 54.8 kg
[17:40:43] Pracownik P3 polozyl paczke C (23.8 kg). Waga tasmy: 151.9 kg
[17:40:43] Truck 834 zabral paczke B (10.0 kg). Stan ladunku: 64.8 kg
[17:40:43] Pracownik P2 polozyl paczke B (7.3 kg). Waga tasmy: 149.2 kg
[17:40:43] Truck 834 zabral paczke A (2.2 kg). Stan ladunku: 67.0 kg
[17:40:43] Pracownik P1 polozyl paczke A (2.3 kg). Waga tasmy: 149.3 kg
[17:40:43] Truck 834 zabral paczke C (15.1 kg). Stan ladunku: 82.1 kg
[17:40:43] Pracownik P3 polozyl paczke C (15.7 kg). Waga tasmy: 149.9 kg
[17:40:43] Truck 834 zabral paczke B (9.3 kg). Stan ladunku: 91.4 kg
[17:40:43] Pracownik P2 polozyl paczke B (11.2 kg). Waga tasmy: 151.8 kg
[17:40:43] Truck 834 zabral paczke A (4.2 kg). Stan ladunku: 95.6 kg
[17:40:43] Pracownik P1 polozyl paczke A (4.2 kg). Waga tasmy: 151.8 kg
[17:40:43] Truck 837 zabral paczke C (15.0 kg). Stan ladunku: 15.0 kg
[17:40:43] Pracownik P3 polozyl paczke C (24.1 kg). Waga tasmy: 160.9 kg
[17:40:43] Truck 837 zabral paczke B (12.0 kg). Stan ladunku: 27.0 kg
[17:40:43] Pracownik P2 polozyl paczke B (12.4 kg). Waga tasmy: 161.3 kg
[17:40:43] Truck 837 zabral paczke A (4.9 kg). Stan ladunku: 31.9 kg
[17:40:43] Pracownik P1 polozyl paczke A (1.9 kg). Waga tasmy: 158.3 kg
[17:40:43] Truck 837 zabral paczke C (16.2 kg). Stan ladunku: 48.1 kg
[17:40:43] Pracownik P3 polozyl paczke C (18.8 kg). Waga tasmy: 160.9 kg
[17:40:43] Truck 837 zabral paczke B (9.6 kg). Stan ladunku: 57.7 kg
[17:40:43] Pracownik P2 polozyl paczke B (9.3 kg). Waga tasmy: 160.6 kg
[17:40:43] Truck 837 zabral paczke A (4.9 kg). Stan ladunku: 62.6 kg
[17:40:43] Pracownik P1 polozyl paczke A (4.1 kg). Waga tasmy: 159.8 kg
[17:40:43] Truck 837 zabral paczke C (16.0 kg). Stan ladunku: 78.6 kg
[17:40:43] Pracownik P3 polozyl paczke C (20.2 kg). Waga tasmy: 164.0 kg
[17:40:43] Truck 837 zabral paczke B (6.6 kg). Stan ladunku: 85.2 kg
[17:40:43] Pracownik P2 polozyl paczke B (11.1 kg). Waga tasmy: 168.5 kg
[17:40:43] Truck 837 zabral paczke A (2.1 kg). Stan ladunku: 87.3 kg
[17:40:43] Pracownik P1 polozyl paczke A (2.0 kg). Waga tasmy: 168.4 kg
[17:40:43] Truck 836 zabral paczke C (23.8 kg). Stan ladunku: 23.8 kg
[17:40:43] Pracownik P3 polozyl paczke C (20.3 kg). Waga tasmy: 164.9 kg
[17:40:43] Truck 836 zabral paczke B (7.3 kg). Stan ladunku: 31.1 kg
[17:40:43] Pracownik P2 polozyl paczke B (11.5 kg). Waga tasmy: 169.1 kg
[17:40:43] Truck 836 zabral paczke A (2.3 kg). Stan ladunku: 33.4 kg
[17:40:43] Pracownik P1 polozyl paczke A (3.1 kg). Waga tasmy: 169.9 kg
[17:40:43] Truck 836 zabral paczke C (15.7 kg). Stan ladunku: 49.1 kg
[17:40:43] Pracownik P3 polozyl paczke C (23.6 kg). Waga tasmy: 177.8 kg
[17:40:43] Truck 836 zabral paczke B (11.2 kg). Stan ladunku: 60.3 kg
[17:40:43] Pracownik P2 polozyl paczke B (8.0 kg). Waga tasmy: 174.6 kg
[17:40:43] Truck 836 zabral paczke A (4.2 kg). Stan ladunku: 64.5 kg
[17:40:43] Pracownik P1 polozyl paczke A (2.9 kg). Waga tasmy: 173.3 kg
[17:40:43] Truck 836 zabral paczke C (24.1 kg). Stan ladunku: 88.6 kg
[17:40:43] Pracownik P3 polozyl paczke C (20.1 kg). Waga tasmy: 169.3 kg
[17:40:43] Truck 838 zabral paczke B (12.4 kg). Stan ladunku: 12.4 kg
[17:40:43] Pracownik P2 polozyl paczke B (14.9 kg). Waga tasmy: 171.8 kg
[17:40:43] Truck 838 zabral paczke A (1.9 kg). Stan ladunku: 14.3 kg
[17:40:43] Pracownik P1 polozyl paczke A (2.5 kg). Waga tasmy: 172.4 kg
[17:40:43] Truck 838 zabral paczke C (18.8 kg). Stan ladunku: 33.1 kg
[17:40:43] Pracownik P3 polozyl paczke C (16.5 kg). Waga tasmy: 170.1 kg
[17:40:43] Truck 838 zabral paczke B (9.3 kg). Stan ladunku: 42.4 kg
[17:40:43] Pracownik P2 polozyl paczke B (7.8 kg). Waga tasmy: 168.6 kg
[17:40:43] Truck 838 zabral paczke A (4.1 kg). Stan ladunku: 46.5 kg
[17:40:43] Pracownik P1 polozyl paczke A (3.3 kg). Waga tasmy: 167.8 kg
[17:40:43] Truck 838 zabral paczke C (20.2 kg). Stan ladunku: 66.7 kg
[17:40:43] Pracownik P3 polozyl paczke C (20.6 kg). Waga tasmy: 168.2 kg
[17:40:43] Truck 838 zabral paczke B (11.1 kg). Stan ladunku: 77.8 kg
[17:40:43] Pracownik P2 polozyl paczke B (7.0 kg). Waga tasmy: 164.1 kg
[17:40:43] Truck 838 zabral paczke A (2.0 kg). Stan ladunku: 79.8 kg
[17:40:43] Pracownik P1 polozyl paczke A (2.9 kg). Waga tasmy: 165.0 kg
[17:40:43] Truck 839 zabral paczke C (20.3 kg). Stan ladunku: 20.3 kg
[17:40:43] Pracownik P3 polozyl paczke C (24.5 kg). Waga tasmy: 169.2 kg
[17:40:43] Truck 839 zabral paczke B (11.5 kg). Stan ladunku: 31.8 kg
[17:40:43] Pracownik P2 polozyl paczke B (8.1 kg). Waga tasmy: 165.8 kg
[17:40:43] Truck 839 zabral paczke A (3.1 kg). Stan ladunku: 34.9 kg
[17:40:43] Pracownik P1 polozyl paczke A (0.7 kg). Waga tasmy: 163.4 kg
[17:40:43] Truck 839 zabral paczke C (23.6 kg). Stan ladunku: 58.5 kg
[17:40:43] Pracownik P3 polozyl paczke C (15.7 kg). Waga tasmy: 155.5 kg
[17:40:43] Truck 839 zabral paczke B (8.0 kg). Stan ladunku: 66.5 kg
[17:40:43] Pracownik P2 polozyl paczke B (11.3 kg). Waga tasmy: 158.8 kg
[17:40:43] Truck 839 zabral paczke A (2.9 kg). Stan ladunku: 69.4 kg
[17:40:43] Pracownik P1 polozyl paczke A (0.3 kg). Waga tasmy: 156.2 kg
[17:40:43] Truck 839 zabral paczke C (20.1 kg). Stan ladunku: 89.5 kg
[17:40:43] Pracownik P3 polozyl paczke C (19.9 kg). Waga tasmy: 156.0 kg
[17:40:43] Truck 840 zabral paczke B (14.9 kg). Stan ladunku: 14.9 kg
[17:40:43] Pracownik P2 polozyl paczke B (6.1 kg). Waga tasmy: 147.2 kg
[17:40:43] Truck 840 zabral paczke A (2.5 kg). Stan ladunku: 17.4 kg
[17:40:43] Pracownik P1 polozyl paczke A (3.1 kg). Waga tasmy: 147.8 kg
[17:40:43] Truck 840 zabral paczke C (16.5 kg). Stan ladunku: 33.9 kg
[17:40:43] Pracownik P3 polozyl paczke C (19.4 kg). Waga tasmy: 150.7 kg
[17:40:43] Truck 840 zabral paczke B (7.8 kg). Stan ladunku: 41.7 kg
[17:40:43] Pracownik P2 polozyl paczke B (10.6 kg). Waga tasmy: 153.5 kg
[17:40:43] Truck 840 zabral paczke A (3.3 kg). Stan ladunku: 45.0 kg
[17:40:43] Pracownik P1 polozyl paczke A (4.0 kg). Waga tasmy: 154.2 kg
[17:40:43] Truck 840 zabral paczke C (20.6 kg). Stan ladunku: 65.6 kg
[17:40:43] Pracownik P3 polozyl paczke C (18.0 kg). Waga tasmy: 151.6 kg
[17:40:43] Truck 840 zabral paczke B (7.0 kg). Stan ladunku: 72.6 kg
[17:40:43] Pracownik P2 polozyl paczke B (11.8 kg). Waga tasmy: 156.4 kg
[17:40:43] Truck 840 zabral paczke A (2.9 kg). Stan ladunku: 75.5 kg
[17:40:43] Pracownik P1 polozyl paczke A (1.1 kg). Waga tasmy: 154.6 kg
[17:40:43] Truck 840 zabral paczke C (24.5 kg). Stan ladunku: 100.0 kg
[17:40:43] Pracownik P3 polozyl paczke C (19.7 kg). Waga tasmy: 149.8 kg
[17:40:43] Truck 841 zabral paczke B (8.1 kg). Stan ladunku: 8.1 kg
[17:40:43] Pracownik P2 polozyl paczke B (11.7 kg). Waga tasmy: 153.4 kg
[17:40:43] Truck 841 zabral paczke A (0.7 kg). Stan ladunku: 8.8 kg
[17:40:43] Pracownik P1 polozyl paczke A (1.1 kg). Waga tasmy: 153.8 kg
[17:40:43] Truck 841 zabral paczke C (15.7 kg). Stan ladunku: 24.5 kg
[17:40:43] Pracownik P3 polozyl paczke C (22.6 kg). Waga tasmy: 160.7 kg
[17:40:43] Truck 841 zabral paczke B (11.3 kg). Stan ladunku: 35.8 kg
[17:40:43] Pracownik P2 polozyl paczke B (9.6 kg). Waga tasmy: 159.0 kg
[17:40:43] Truck 841 zabral paczke A (0.3 kg). Stan ladunku: 36.1 kg
[17:40:43] Pracownik P1 polozyl paczke A (0.1 kg). Waga tasmy: 158.8 kg
[17:40:43] Truck 841 zabral paczke C (19.9 kg). Stan ladunku: 56.0 kg
[17:40:43] Pracownik P3 polozyl paczke C (23.7 kg). Waga tasmy: 162.6 kg
[17:40:43] Truck 841 zabral paczke B (6.1 kg). Stan ladunku: 62.1 kg
[17:40:43] Pracownik P2 polozyl paczke B (14.8 kg). Waga tasmy: 171.3 kg
[17:40:43] Truck 841 zabral paczke A (3.1 kg). Stan ladunku: 65.2 kg
[17:40:43] Pracownik P1 polozyl paczke A (3.3 kg). Waga tasmy: 171.5 kg
[17:40:43] Truck 841 zabral paczke C (19.4 kg). Stan ladunku: 84.6 kg
[17:40:43] Pracownik P3 polozyl paczke C (19.2 kg). Waga tasmy: 171.3 kg
[17:40:43] Truck 841 zabral paczke B (10.6 kg). Stan ladunku: 95.2 kg
[17:40:43] Pracownik P2 polozyl paczke B (12.9 kg). Waga tasmy: 173.6 kg
[17:40:43] Truck 841 zabral paczke A (4.0 kg). Stan ladunku: 99.2 kg
[17:40:43] Pracownik P1 polozyl paczke A (1.1 kg). Waga tasmy: 170.7 kg
[17:40:43] Truck 842 zabral paczke C (18.0 kg). Stan ladunku: 18.0 kg
[17:40:43] Pracownik P3 polozyl paczke C (22.7 kg). Waga tasmy: 175.4 kg
[17:40:43] Truck 842 zabral paczke B (11.8 kg). Stan ladunku: 29.8 kg
[17:40:43] Pracownik P2 polozyl paczke B (12.9 kg). Waga tasmy: 176.5 kg
[17:40:43] Truck 842 zabral paczke A (1.1 kg). Stan ladunku: 30.9 kg
[17:40:43] Pracownik P1 polozyl paczke A (2.6 kg). Waga tasmy: 178.0 kg
[17:40:43] Truck 842 zabral paczke C (19.7 kg). Stan ladunku: 50.6 kg
[17:40:43] Pracownik P3 polozyl paczke C (19.5 kg). Waga tasmy: 177.8 kg
[17:40:43] Truck 842 zabral paczke B (11.7 kg). Stan ladunku: 62.3 kg
[17:40:43] Pracownik P2 polozyl paczke B (13.2 kg). Waga tasmy: 179.3 kg
[17:40:43] Truck 842 zabral paczke A (1.1 kg). Stan ladunku: 63.4 kg
[17:40:43] Pracownik P1 polozyl paczke A (2.7 kg). Waga tasmy: 180.9 kg
[17:40:43] Truck 842 zabral paczke C (22.6 kg). Stan ladunku: 86.0 kg
[17:40:43] Pracownik P3 polozyl paczke C (18.7 kg). Waga tasmy: 177.0 kg
[17:40:43] Truck 842 zabral paczke B (9.6 kg). Stan ladunku: 95.6 kg
[17:40:43] Pracownik P2 polozyl paczke B (7.7 kg). Waga tasmy: 175.1 kg
[17:40:43] Truck 842 zabral paczke A (0.1 kg). Stan ladunku: 95.7 kg
[17:40:43] Pracownik P1 polozyl paczke A (0.2 kg). Waga tasmy: 175.2 kg
[17:40:43] Truck 843 zabral paczke C (23.7 kg). Stan ladunku: 23.7 kg
[17:40:43] Pracownik P3 polozyl paczke C (20.3 kg). Waga tasmy: 171.8 kg
[17:40:43] Truck 843 zabral paczke B (14.8 kg). Stan ladunku: 38.5 kg
[17:40:43] Pracownik P2 polozyl paczke B (14.9 kg). Waga tasmy: 171.9 kg
[17:40:43] Truck 843 zabral paczke A (3.3 kg). Stan ladunku: 41.8 kg
[17:40:43] Pracownik P1 polozyl paczke A (0.5 kg). Waga tasmy: 169.1 kg
[17:40:43] Truck 843 zabral paczke C (19.2 kg). Stan ladunku: 61.0 kg
[17:40:43] Pracownik P3 polozyl paczke C (19.4 kg). Waga tasmy: 169.3 kg
[17:40:43] Truck 843 zabral paczke B (12.9 kg). Stan ladunku: 73.9 kg
[17:40:43] Pracownik P2 polozyl paczke B (13.2 kg). Waga tasmy: 169.6 kg
[17:40:43] Truck 843 zabral paczke A (1.1 kg). Stan ladunku: 75.0 kg
[17:40:43] Pracownik P1 polozyl paczke A (2.9 kg). Waga tasmy: 171.4 kg
[17:40:43] Truck 843 zabral paczke C (22.7 kg). Stan ladunku: 97.7 kg
[17:40:43] Pracownik P3 polozyl paczke C (18.8 kg). Waga tasmy: 167.5 kg
[17:40:48] Truck 829 zabral paczke B (12.9 kg). Stan ladunku: 12.9 kg
[17:40:48] Pracownik P2 polozyl paczke B (12.2 kg). Waga tasmy: 166.8 kg
[17:40:48] Truck 829 zabral paczke A (2.6 kg). Stan ladunku: 15.5 kg
[17:40:48] Pracownik P1 polozyl paczke A (5.0 kg). Waga tasmy: 169.2 kg
[17:40:48] Truck 829 zabral paczke C (19.5 kg). Stan ladunku: 35.0 kg
[17:40:48] Pracownik P3 polozyl paczke C (19.8 kg). Waga tasmy: 169.5 kg
[17:40:48] Truck 829 zabral paczke B (13.2 kg). Stan ladunku: 48.2 kg
[17:40:48] Pracownik P2 polozyl paczke B (9.7 kg). Waga tasmy: 166.0 kg
[17:40:48] Truck 829 zabral paczke A (2.7 kg). Stan ladunku: 50.9 kg
[17:40:48] Pracownik P1 polozyl paczke A (4.4 kg). Waga tasmy: 167.7 kg
[17:40:48] Truck 829 zabral paczke C (18.7 kg). Stan ladunku: 69.6 kg
[17:40:48] Pracownik P3 polozyl paczke C (16.6 kg). Waga tasmy: 165.6 kg
[17:40:48] Truck 829 zabral paczke B (7.7 kg). Stan ladunku: 77.3 kg
[17:40:48] Pracownik P2 polozyl paczke B (13.4 kg). Waga tasmy: 171.3 kg
[17:40:48] Truck 829 zabral paczke A (0.2 kg). Stan ladunku: 77.5 kg
[17:40:48] Pracownik P1 polozyl paczke A (0.3 kg). Waga tasmy: 171.4 kg
[17:40:48] Truck 829 zabral paczke C (20.3 kg). Stan ladunku: 97.8 kg
[17:40:48] Pracownik P3 polozyl paczke C (24.1 kg). Waga tasmy: 175.2 kg
[17:40:48] Truck 830 zabral paczke B (14.9 kg). Stan ladunku: 14.9 kg
[17:40:48] Pracownik P2 polozyl paczke B (11.8 kg). Waga tasmy: 172.1 kg
[17:40:48] Truck 830 zabral paczke A (0.5 kg). Stan ladunku: 15.4 kg
[17:40:48] Pracownik P1 polozyl paczke A (4.1 kg). Waga tasmy: 175.7 kg
[17:40:48] Truck 830 zabral paczke C (19.4 kg). Stan ladunku: 34.8 kg
[17:40:48] Pracownik P3 polozyl paczke C (19.9 kg). Waga tasmy: 176.2 kg
[17:40:48] Truck 830 zabral paczke B (13.2 kg). Stan ladunku: 48.0 kg
[17:40:48] Pracownik P2 polozyl paczke B (12.0 kg). Waga tasmy: 175.0 kg
[17:40:48] Truck 830 zabral paczke A (2.9 kg). Stan ladunku: 50.9 kg
[17:40:48] Pracownik P1 polozyl paczke A (4.4 kg). Waga tasmy: 176.5 kg
[17:40:48] Truck 830 zabral paczke C (18.8 kg). Stan ladunku: 69.7 kg
[17:40:48] Pracownik P3 polozyl paczke C (17.8 kg). Waga tasmy: 175.5 kg
[17:40:48] Truck 830 zabral paczke B (12.2 kg). Stan ladunku: 81.9 kg
[17:40:48] Pracownik P2 polozyl paczke B (8.1 kg). Waga tasmy: 171.4 kg
[17:40:48] Truck 830 zabral paczke A (5.0 kg). Stan ladunku: 86.9 kg
[17:40:48] Pracownik P1 polozyl paczke A (0.1 kg). Waga tasmy: 166.5 kg
[17:40:48] Truck 832 zabral paczke C (19.8 kg). Stan ladunku: 19.8 kg
[17:40:48] Pracownik P3 polozyl paczke C (20.3 kg). Waga tasmy: 167.0 kg
[17:40:48] Truck 832 zabral paczke B (9.7 kg). Stan ladunku: 29.5 kg
[17:40:48] Pracownik P2 polozyl paczke B (8.6 kg). Waga tasmy: 165.9 kg
[17:40:48] Truck 832 zabral paczke A (4.4 kg). Stan ladunku: 33.9 kg
[17:40:48] Pracownik P1 polozyl paczke A (1.3 kg). Waga tasmy: 162.8 kg
[17:40:48] Truck 832 zabral paczke C (16.6 kg). Stan ladunku: 50.5 kg
[17:40:48] Pracownik P3 polozyl paczke C (18.7 kg). Waga tasmy: 164.9 kg
[17:40:48] Truck 832 zabral paczke B (13.4 kg). Stan ladunku: 63.9 kg
[17:40:48] Pracownik P2 polozyl paczke B (9.5 kg). Waga tasmy: 161.0 kg
[17:40:48] Truck 832 zabral paczke A (0.3 kg). Stan ladunku: 64.2 kg
[17:40:48] Pracownik P1 polozyl paczke A (1.6 kg). Waga tasmy: 162.3 kg
[17:40:48] Truck 832 zabral paczke C (24.1 kg). Stan ladunku: 88.3 kg
[17:40:48] Pracownik P3 polozyl paczke C (23.8 kg). Waga tasmy: 162.0 kg
[17:40:48] Truck 831 zabral paczke B (11.8 kg). Stan ladunku: 11.8 kg
[17:40:48] Pracownik P2 polozyl paczke B (14.3 kg). Waga tasmy: 164.5 kg
[17:40:48] Truck 831 zabral paczke A (4.1 kg). Stan ladunku: 15.9 kg
[17:40:48] Pracownik P1 polozyl paczke A (4.4 kg). Waga tasmy: 164.8 kg
[17:40:48] Truck 831 zabral paczke C (19.9 kg). Stan ladunku: 35.8 kg
[17:40:48] Pracownik P3 polozyl paczke C (24.7 kg). Waga tasmy: 169.6 kg
[17:40:48] Truck 831 zabral paczke B (12.0 kg). Stan ladunku: 47.8 kg
[17:40:48] Pracownik P2 polozyl paczke B (6.0 kg). Waga tasmy: 163.6 kg
[17:40:48] Truck 831 zabral paczke A (4.4 kg). Stan ladunku: 52.2 kg
[17:40:48] Pracownik P1 polozyl paczke A (3.3 kg). Waga tasmy: 162.5 kg
[17:40:48] Truck 831 zabral paczke C (17.8 kg). Stan ladunku: 70.0 kg
[17:40:48] Pracownik P3 polozyl paczke C (17.8 kg). Waga tasmy: 162.5 kg
[17:40:48] Truck 831 zabral paczke B (8.1 kg). Stan ladunku: 78.1 kg
[17:40:48] Pracownik P2 polozyl paczke B (13.8 kg). Waga tasmy: 168.2 kg
[17:40:48] Truck 831 zabral paczke A (0.1 kg). Stan ladunku: 78.2 kg
[17:40:48] Pracownik P1 polozyl paczke A (0.8 kg). Waga tasmy: 168.9 kg
[17:40:48] Truck 831 zabral paczke C (20.3 kg). Stan ladunku: 98.5 kg
[17:40:48] Pracownik P3 polozyl paczke C (19.0 kg). Waga tasmy: 167.6 kg
[17:40:48] Truck 833 zabral paczke B (8.6 kg). Stan ladunku: 8.6 kg
[17:40:48] Pracownik P2 polozyl paczke B (10.4 kg). Waga tasmy: 169.4 kg
[17:40:48] Truck 833 zabral paczke A (1.3 kg). Stan ladunku: 9.9 kg
[17:40:48] Pracownik P1 polozyl paczke A (1.3 kg). Waga tasmy: 169.4 kg
[17:40:48] Truck 833 zabral paczke C (18.7 kg). Stan ladunku: 28.6 kg
[17:40:48] Pracownik P3 polozyl paczke C (15.2 kg). Waga tasmy: 165.9 kg
[17:40:48] Truck 833 zabral paczke B (9.5 kg). Stan ladunku: 38.1 kg
[17:40:48] Pracownik P2 polozyl paczke B (7.7 kg). Waga tasmy: 164.1 kg
[17:40:48] Truck 833 zabral paczke A (1.6 kg). Stan ladunku: 39.7 kg
[17:40:48] Pracownik P1 polozyl paczke A (1.4 kg). Waga tasmy: 163.9 kg
[17:40:48] Truck 833 zabral paczke C (23.8 kg). Stan ladunku: 63.5 kg
[17:40:48] Pracownik P3 polozyl paczke C (21.6 kg). Waga tasmy: 161.7 kg
[17:40:48] Truck 833 zabral paczke B (14.3 kg). Stan ladunku: 77.8 kg
[17:40:48] Pracownik P2 polozyl paczke B (6.8 kg). Waga tasmy: 154.2 kg
[17:40:48] Truck 833 zabral paczke A (4.4 kg). Stan ladunku: 82.2 kg
[17:40:48] Pracownik P1 polozyl paczke A (3.6 kg). Waga tasmy: 153.4 kg
[17:40:48] Truck 835 zabral paczke C (24.7 kg). Stan ladunku: 24.7 kg
[17:40:48] Pracownik P3 polozyl paczke C (24.2 kg). Waga tasmy: 152.9 kg
[17:40:48] Truck 835 zabral paczke B (6.0 kg). Stan ladunku: 30.7 kg
[17:40:48] Pracownik P2 polozyl paczke B (5.5 kg). Waga tasmy: 152.4 kg
[17:40:48] Truck 835 zabral paczke A (3.3 kg). Stan ladunku: 34.0 kg
[17:40:48] Pracownik P1 polozyl paczke A (3.9 kg). Waga tasmy: 153.0 kg
[17:40:48] Truck 835 zabral paczke C (17.8 kg). Stan ladunku: 51.8 kg
[17:40:48] Pracownik P3 polozyl paczke C (16.7 kg). Waga tasmy: 151.9 kg
[17:40:48] Truck 835 zabral paczke B (13.8 kg). Stan ladunku: 65.6 kg
[17:40:48] Pracownik P2 polozyl paczke B (10.5 kg). Waga tasmy: 148.6 kg
[17:40:48] Truck 835 zabral paczke A (0.8 kg). Stan ladunku: 66.4 kg
[17:40:48] Pracownik P1 polozyl paczke A (4.8 kg). Waga tasmy: 152.6 kg
[17:40:48] Truck 835 zabral paczke C (19.0 kg). Stan ladunku: 85.4 kg
[17:40:48] Pracownik P3 polozyl paczke C (17.2 kg). Waga tasmy: 150.8 kg
[17:40:48] Truck 835 zabral paczke B (10.4 kg). Stan ladunku: 95.8 kg
[17:40:48] Pracownik P2 polozyl paczke B (14.1 kg). Waga tasmy: 154.5 kg
[17:40:48] Truck 835 zabral paczke A (1.3 kg). Stan ladunku: 97.1 kg
[17:40:48] Pracownik P1 polozyl paczke A (1.7 kg). Waga tasmy: 154.9 kg
[17:40:48] Truck 834 zabral paczke C (15.2 kg). Stan ladunku: 15.2 kg
[17:40:48] Pracownik P3 polozyl paczke C (18.9 kg). Waga tasmy: 158.6 kg
[17:40:48] Truck 834 zabral paczke B (7.7 kg). Stan ladunku: 22.9 kg
[17:40:48] Pracownik P2 polozyl paczke B (13.9 kg). Waga tasmy: 164.8 kg
[17:40:48] Truck 834 zabral paczke A (1.4 kg). Stan ladunku: 24.3 kg
[17:40:48] Pracownik P1 polozyl paczke A (4.5 kg). Waga tasmy: 167.9 kg
[17:40:48] Truck 834 zabral paczke C (21.6 kg). Stan ladunku: 45.9 kg
[17:40:48] Pracownik P3 polozyl paczke C (17.4 kg). Waga tasmy: 163.7 kg
[17:40:48] Truck 834 zabral paczke B (6.8 kg). Stan ladunku: 52.7 kg
[17:40:48] Pracownik P2 polozyl paczke B (6.9 kg). Waga tasmy: 163.8 kg
[17:40:48] Truck 834 zabral paczke A (3.6 kg). Stan ladunku: 56.3 kg
[17:40:48] Pracownik P1 polozyl paczke A (0.2 kg). Waga tasmy: 160.4 kg
[17:40:48] Truck 834 zabral paczke C (24.2 kg). Stan ladunku: 80.5 kg
[17:40:48] Pracownik P3 polozyl paczke C (17.4 kg). Waga tasmy: 153.6 kg
[17:40:48] Truck 834 zabral paczke B (5.5 kg). Stan ladunku: 86.0 kg
[17:40:48] Pracownik P2 polozyl paczke B (5.2 kg). Waga tasmy: 153.3 kg
[17:40:48] Truck 834 zabral paczke A (3.9 kg). Stan ladunku: 89.9 kg
[17:40:48] Pracownik P1 polozyl paczke A (4.9 kg). Waga tasmy: 154.3 kg
[17:40:48] Truck 837 zabral paczke C (16.7 kg). Stan ladunku: 16.7 kg
[17:40:48] Pracownik P3 polozyl paczke C (18.6 kg). Waga tasmy: 156.2 kg
[17:40:48] Truck 837 zabral paczke B (10.5 kg). Stan ladunku: 27.2 kg
[17:40:48] Pracownik P2 polozyl paczke B (9.5 kg). Waga tasmy: 155.2 kg
[17:40:48] Truck 837 zabral paczke A (4.8 kg). Stan ladunku: 32.0 kg
[17:40:48] Pracownik P1 polozyl paczke A (3.4 kg). Waga tasmy: 153.8 kg
[17:40:48] Truck 837 zabral paczke C (17.2 kg). Stan ladunku: 49.2 kg
[17:40:48] Pracownik P3 polozyl paczke C (15.6 kg). Waga tasmy: 152.2 kg
[17:40:48] Truck 837 zabral paczke B (14.1 kg). Stan ladunku: 63.3 kg
[17:40:48] Pracownik P2 polozyl paczke B (13.7 kg). Waga tasmy: 151.8 kg
[17:40:48] Truck 837 zabral paczke A (1.7 kg). Stan ladunku: 65.0 kg
[17:40:48] Pracownik P1 polozyl paczke A (1.2 kg). Waga tasmy: 151.3 kg
[17:40:48] Truck 837 zabral paczke C (18.9 kg). Stan ladunku: 83.9 kg
[17:40:48] Pracownik P3 polozyl paczke C (22.1 kg). Waga tasmy: 154.5 kg
[17:40:48] Truck 837 zabral paczke B (13.9 kg). Stan ladunku: 97.8 kg
[17:40:48] Pracownik P2 polozyl paczke B (7.1 kg). Waga tasmy: 147.7 kg
[17:40:48] Truck 836 zabral paczke A (4.5 kg). Stan ladunku: 4.5 kg
[17:40:48] Pracownik P1 polozyl paczke A (1.2 kg). Waga tasmy: 144.4 kg
[17:40:48] Truck 836 zabral paczke C (17.4 kg). Stan ladunku: 21.9 kg
[17:40:48] Pracownik P3 polozyl paczke C (16.2 kg). Waga tasmy: 143.2 kg
[17:40:48] Truck 836 zabral paczke B (6.9 kg). Stan ladunku: 28.8 kg
[17:40:48] Pracownik P2 polozyl paczke B (9.3 kg). Waga tasmy: 145.6 kg
[17:40:48] Truck 836 zabral paczke A (0.2 kg). Stan ladunku: 29.0 kg
[17:40:48] Pracownik P1 polozyl paczke A (3.7 kg). Waga tasmy: 149.1 kg
[17:40:48] Truck 836 zabral paczke C (17.4 kg). Stan ladunku: 46.4 kg
[17:40:48] Pracownik P3 polozyl paczke C (24.3 kg). Waga tasmy: 156.0 kg
[17:40:48] Truck 836 zabral paczke B (5.2 kg). Stan ladunku: 51.6 kg
[17:40:48] Pracownik P2 polozyl paczke B (8.7 kg). Waga tasmy: 159.5 kg
[17:40:48] Truck 836 zabral paczke A (4.9 kg). Stan ladunku: 56.5 kg
[17:40:48] Pracownik P1 polozyl paczke A (4.6 kg). Waga tasmy: 159.2 kg
[17:40:48] Truck 836 zabral paczke C (18.6 kg). Stan ladunku: 75.1 kg
[17:40:48] Pracownik P3 polozyl paczke C (21.6 kg). Waga tasmy: 162.2 kg
[17:40:48] Truck 836 zabral paczke B (9.5 kg). Stan ladunku: 84.6 kg
[17:40:48] Pracownik P2 polozyl paczke B (10.2 kg). Waga tasmy: 162.9 kg
[17:40:48] Truck 836 zabral paczke A (3.4 kg). Stan ladunku: 88.0 kg
[17:40:48] Pracownik P1 polozyl paczke A (2.2 kg). Waga tasmy: 161.7 kg
[17:40:48] Truck 838 zabral paczke C (15.6 kg). Stan ladunku: 15.6 kg
[17:40:48] Pracownik P3 polozyl paczke C (19.1 kg). Waga tasmy: 165.2 kg
[17:40:48] Truck 838 zabral paczke B (13.7 kg). Stan ladunku: 29.3 kg
[17:40:48] Pracownik P2 polozyl paczke B (7.3 kg). Waga tasmy: 158.8 kg
[17:40:48] Truck 838 zabral paczke A (1.2 kg). Stan ladunku: 30.5 kg
[17:40:48] Pracownik P1 polozyl paczke A (1.2 kg). Waga tasmy: 158.8 kg
[17:40:48] Truck 838 zabral paczke C (22.1 kg). Stan ladunku: 52.6 kg
[17:40:48] Pracownik P3 polozyl paczke C (24.0 kg). Waga tasmy: 160.7 kg
[17:40:48] Truck 838 zabral paczke B (7.1 kg). Stan ladunku: 59.7 kg
[17:40:48] Pracownik P2 polozyl paczke B (12.2 kg). Waga tasmy: 165.8 kg
[17:40:48] Truck 838 zabral paczke A (1.2 kg). Stan ladunku: 60.9 kg
[17:40:48] Pracownik P1 polozyl paczke A (2.2 kg). Waga tasmy: 166.8 kg
[17:40:48] Truck 838 zabral paczke C (16.2 kg). Stan ladunku: 77.1 kg
[17:40:48] Pracownik P3 polozyl paczke C (15.3 kg). Waga tasmy: 165.9 kg
[17:40:48] Truck 838 zabral paczke B (9.3 kg). Stan ladunku: 86.4 kg
[17:40:48] Pracownik P2 polozyl paczke B (8.1 kg). Waga tasmy: 164.7 kg
[17:40:48] Truck 838 zabral paczke A (3.7 kg). Stan ladunku: 90.1 kg
[17:40:48] Pracownik P1 polozyl paczke A (2.4 kg). Waga tasmy: 163.4 kg
[17:40:48] Truck 839 zabral paczke C (24.3 kg). Stan ladunku: 24.3 kg
[17:40:48] Pracownik P3 polozyl paczke C (24.4 kg). Waga tasmy: 163.5 kg
[17:40:48] Truck 839 zabral paczke B (8.7 kg). Stan ladunku: 33.0 kg
[17:40:48] Pracownik P2 polozyl paczke B (12.4 kg). Waga tasmy: 167.2 kg
[17:40:48] Truck 839 zabral paczke A (4.6 kg). Stan ladunku: 37.6 kg
[17:40:48] Pracownik P1 polozyl paczke A (1.9 kg). Waga tasmy: 164.5 kg
[17:40:48] Truck 839 zabral paczke C (21.6 kg). Stan ladunku: 59.2 kg
[17:40:48] Pracownik P3 polozyl paczke C (18.5 kg). Waga tasmy: 161.4 kg
[17:40:48] Truck 839 zabral paczke B (10.2 kg). Stan ladunku: 69.4 kg
[17:40:48] Pracownik P2 polozyl paczke B (10.4 kg). Waga tasmy: 161.6 kg
[17:40:48] Truck 839 zabral paczke A (2.2 kg). Stan ladunku: 71.6 kg
[17:40:48] Pracownik P1 polozyl paczke A (0.3 kg). Waga tasmy: 159.7 kg
[17:40:48] Truck 839 zabral paczke C (19.1 kg). Stan ladunku: 90.7 kg
[17:40:48] Pracownik P3 polozyl paczke C (19.1 kg). Waga tasmy: 159.7 kg
[17:40:48] Truck 839 zabral paczke B (7.3 kg). Stan ladunku: 98.0 kg
[17:40:48] Pracownik P2 polozyl paczke B (10.6 kg). Waga tasmy: 163.0 kg
[17:40:48] Truck 839 zabral paczke A (1.2 kg). Stan ladunku: 99.2 kg
[17:40:48] Pracownik P1 polozyl paczke A (2.5 kg). Waga tasmy: 164.3 kg
[17:40:48] Truck 840 zabral paczke C (24.0 kg). Stan ladunku: 24.0 kg
[17:40:48] Pracownik P3 polozyl paczke C (19.2 kg). Waga tasmy: 159.5 kg
[17:40:48] Truck 840 zabral paczke B (12.2 kg). Stan ladunku: 36.2 kg
[17:40:48] Pracownik P2 polozyl paczke B (12.4 kg). Waga tasmy: 159.7 kg
[17:40:48] Truck 840 zabral paczke A (2.2 kg). Stan ladunku: 38.4 kg
[17:40:48] Pracownik P1 polozyl paczke A (1.2 kg). Waga tasmy: 158.7 kg
[17:40:48] Truck 840 zabral paczke C (15.3 kg). Stan ladunku: 53.7 kg
[17:40:48] Pracownik P3 polozyl paczke C (15.3 kg). Waga tasmy: 158.7 kg
[17:40:48] Truck 840 zabral paczke B (8.1 kg). Stan ladunku: 61.8 kg
[17:40:48] Pracownik P2 polozyl paczke B (8.8 kg). Waga tasmy: 159.4 kg
[17:40:48] Truck 840 zabral paczke A (2.4 kg). Stan ladunku: 64.2 kg
[17:40:48] Pracownik P1 polozyl paczke A (0.5 kg). Waga tasmy: 157.5 kg
[17:40:48] Truck 840 zabral paczke C (24.4 kg). Stan ladunku: 88.6 kg
[17:40:48] Pracownik P3 polozyl paczke C (18.2 kg). Waga tasmy: 151.3 kg
[17:40:48] Truck 841 zabral paczke B (12.4 kg). Stan ladunku: 12.4 kg
[17:40:48] Pracownik P2 polozyl paczke B (7.4 kg). Waga tasmy: 146.3 kg
[17:40:48] Truck 841 zabral paczke A (1.9 kg). Stan ladunku: 14.3 kg
[17:40:48] Pracownik P1 polozyl paczke A (1.6 kg). Waga tasmy: 146.0 kg
[17:40:48] Truck 841 zabral paczke C (18.5 kg). Stan ladunku: 32.8 kg
[17:40:48] Pracownik P3 polozyl paczke C (19.3 kg). Waga tasmy: 146.8 kg
[17:40:48] Truck 841 zabral paczke B (10.4 kg). Stan ladunku: 43.2 kg
[17:40:48] Pracownik P2 polozyl paczke B (9.4 kg). Waga tasmy: 145.8 kg
[17:40:48] Truck 841 zabral paczke A (0.3 kg). Stan ladunku: 43.5 kg
[17:40:48] Pracownik P1 polozyl paczke A (0.5 kg). Waga tasmy: 146.0 kg
[17:40:48] Truck 841 zabral paczke C (19.1 kg). Stan ladunku: 62.6 kg
[17:40:48] Pracownik P3 polozyl paczke C (18.2 kg). Waga tasmy: 145.1 kg
[17:40:48] Truck 841 zabral paczke B (10.6 kg). Stan ladunku: 73.2 kg
[17:40:48] Pracownik P2 polozyl paczke B (11.9 kg). Waga tasmy: 146.4 kg
[17:40:48] Truck 841 zabral paczke A (2.5 kg). Stan ladunku: 75.7 kg
[17:40:48] Pracownik P1 polozyl paczke A (0.5 kg). Waga tasmy: 144.4 kg
[17:40:48] Truck 841 zabral paczke C (19.2 kg). Stan ladunku: 94.9 kg
[17:40:48] Pracownik P3 polozyl paczke C (23.6 kg). Waga tasmy: 148.8 kg
[17:40:48] Truck 842 zabral paczke B (12.4 kg). Stan ladunku: 12.4 kg
[17:40:48] Pracownik P2 polozyl paczke B (6.2 kg). Waga tasmy: 142.6 kg
[17:40:48] Truck 842 zabral paczke A (1.2 kg). Stan ladunku: 13.6 kg
[17:40:48] Pracownik P1 polozyl paczke A (3.0 kg). Waga tasmy: 144.4 kg
[17:40:48] Truck 842 zabral paczke C (15.3 kg). Stan ladunku: 28.9 kg
[17:40:48] Pracownik P3 polozyl paczke C (18.3 kg). Waga tasmy: 147.4 kg
[17:40:48] Truck 842 zabral paczke B (8.8 kg). Stan ladunku: 37.7 kg
[17:40:48] Pracownik P2 polozyl paczke B (13.9 kg). Waga tasmy: 152.5 kg
[17:40:48] Truck 842 zabral paczke A (0.5 kg). Stan ladunku: 38.2 kg
[17:40:48] Pracownik P1 polozyl paczke A (2.2 kg). Waga tasmy: 154.2 kg
[17:40:48] Truck 842 zabral paczke C (18.2 kg). Stan ladunku: 56.4 kg
[17:40:48] Pracownik P3 polozyl paczke C (22.2 kg). Waga tasmy: 158.2 kg
[17:40:48] Truck 842 zabral paczke B (7.4 kg). Stan ladunku: 63.8 kg
[17:40:48] Pracownik P2 polozyl paczke B (11.3 kg). Waga tasmy: 162.1 kg
[17:40:48] Truck 842 zabral paczke A (1.6 kg). Stan ladunku: 65.4 kg
[17:40:48] Pracownik P1 polozyl paczke A (4.8 kg). Waga tasmy: 165.3 kg
[17:40:48] Truck 842 zabral paczke C (19.3 kg). Stan ladunku: 84.7 kg
[17:40:48] Pracownik P3 polozyl paczke C (18.5 kg). Waga tasmy: 164.5 kg
[17:40:48] Truck 842 zabral paczke B (9.4 kg). Stan ladunku: 94.1 kg
[17:40:48] Pracownik P2 polozyl paczke B (12.4 kg). Waga tasmy: 167.5 kg
[17:40:48] Truck 842 zabral paczke A (0.5 kg). Stan ladunku: 94.6 kg
[17:40:48] Pracownik P1 polozyl paczke A (1.3 kg). Waga tasmy: 168.3 kg
[17:40:48] Truck 843 zabral paczke C (18.2 kg). Stan ladunku: 18.2 kg
[17:40:48] Pracownik P3 polozyl paczke C (21.1 kg). Waga tasmy: 171.2 kg
[17:40:48] Truck 843 zabral paczke B (11.9 kg). Stan ladunku: 30.1 kg
[17:40:48] Pracownik P2 polozyl paczke B (12.7 kg). Waga tasmy: 172.0 kg
[17:40:48] Truck 843 zabral paczke A (0.5 kg). Stan ladunku: 30.6 kg
[17:40:48] Pracownik P1 polozyl paczke A (2.9 kg). Waga tasmy: 174.4 kg
[17:40:48] Truck 843 zabral paczke C (23.6 kg). Stan ladunku: 54.2 kg
[17:40:48] Pracownik P3 polozyl paczke C (16.2 kg). Waga tasmy: 167.0 kg
[17:40:48] Truck 843 zabral paczke B (6.2 kg). Stan ladunku: 60.4 kg
[17:40:48] Pracownik P2 polozyl paczke B (11.9 kg). Waga tasmy: 172.7 kg
[17:40:48] Truck 843 zabral paczke A (3.0 kg). Stan ladunku: 63.4 kg
[17:40:48] Pracownik P1 polozyl paczke A (1.0 kg). Waga tasmy: 170.7 kg
[17:40:48] Truck 843 zabral paczke C (18.3 kg). Stan ladunku: 81.7 kg
[17:40:48] Pracownik P3 polozyl paczke C (18.7 kg). Waga tasmy: 171.1 kg
[17:40:48] Truck 843 zabral paczke B (13.9 kg). Stan ladunku: 95.6 kg
[17:40:48] Pracownik P2 polozyl paczke B (10.3 kg). Waga tasmy: 167.5 kg
[17:40:48] Truck 843 zabral paczke A (2.2 kg). Stan ladunku: 97.8 kg
[17:40:48] Pracownik P1 polozyl paczke A (2.6 kg). Waga tasmy: 167.9 kg
